<?xml version="1.0" encoding="utf-8"?><testsuites><testsuite name="pytest" errors="0" failures="0" skipped="0" tests="11" time="1.173" timestamp="2024-11-22T02:11:25.909670+00:00" hostname="c7b07d2a5ffd"><testcase classname="test_main" name="test_data_product[Request by daily data in correct scenario]" time="0.075" /><testcase classname="test_main" name="test_data_product[Request by interval data in correct scenario]" time="0.014" /><testcase classname="test_main" name="test_data_product[Request by daily data in invalid date format scenario]" time="0.005" /><testcase classname="test_main" name="test_data_product[Request by interval data in invalid date format scenario]" time="0.004" /><testcase classname="test_main" name="test_data_product[Request by daily data with no available data scenario]" time="0.014" /><testcase classname="test_main" name="test_data_product[Request by interval data with no available data scenario]" time="0.014" /><testcase classname="test_main" name="test_data_product[Request by interval data with incorrect date range scenario]" time="0.004" /><testcase classname="test_main" name="test_data_product[Request for non-existent endpoint scenario]" time="0.003" /><testcase classname="test_main" name="test_data_product[Request by daily data with missing date parameter]" time="0.003" /><testcase classname="test_main" name="test_data_product[Request by interval data with missing parameters]" time="0.003" /><testcase classname="test_main" name="test_data_product[Request by interval data with same start and end date]" time="0.016" /></testsuite></testsuites>