<?xml version="1.0" encoding="utf-8"?><testsuites><testsuite name="pytest" errors="0" failures="0" skipped="0" tests="5" time="-0.876" timestamp="2024-11-22T02:11:25.498578+00:00" hostname="0f6502fedb16"><testcase classname="test_data_productor" name="test_data_product[Daily data producted test in correct senario]" time="0.023" /><testcase classname="test_data_productor" name="test_data_product[Interval data producted test in correct senario]" time="0.011" /><testcase classname="test_data_productor" name="test_data_product[Daily data producted test in empty senario]" time="0.009" /><testcase classname="test_data_productor" name="test_data_product[interval data producted test in empty senario]" time="0.009" /><testcase classname="test_data_sender" name="test_send_data[Daily data send test in correct senario]" time="0.002" /></testsuite></testsuites>